-- Found ament_cmake: 1.3.12 (/opt/ros/humble/share/ament_cmake/cmake)
-- Found builtin_interfaces: 1.2.2 (/opt/ros/humble/share/builtin_interfaces/cmake)
-- Found rosidl_generator_c: 3.1.7 (/opt/ros/humble/share/rosidl_generator_c/cmake)
-- Found rosidl_adapter: 3.1.7 (/opt/ros/humble/share/rosidl_adapter/cmake)
-- Found rosidl_generator_cpp: 3.1.7 (/opt/ros/humble/share/rosidl_generator_cpp/cmake)
-- Using all available rosidl_typesupport_c: rosidl_typesupport_fastrtps_c;rosidl_typesupport_introspection_c
-- Using all available rosidl_typesupport_cpp: rosidl_typesupport_fastrtps_cpp;rosidl_typesupport_introspection_cpp
-- Found rosidl_default_generators: 1.2.0 (/opt/ros/humble/share/rosidl_default_generators/cmake)
-- Found ament_cmake_ros: 0.10.0 (/opt/ros/humble/share/ament_cmake_ros/cmake)
-- Using all available rosidl_typesupport_c: rosidl_typesupport_fastrtps_c;rosidl_typesupport_introspection_c
-- Using all available rosidl_typesupport_cpp: rosidl_typesupport_fastrtps_cpp;rosidl_typesupport_introspection_cpp
-- Found PythonInterp: /usr/bin/python3 (found suitable version "3.10.12", minimum required is "3.6") 
-- Found python_cmake_module: 0.10.0 (/opt/ros/humble/share/python_cmake_module/cmake)
-- Found PythonLibs: /usr/lib/x86_64-linux-gnu/libpython3.10.so (found suitable version "3.10.12", minimum required is "3.5") 
-- Using PYTHON_EXECUTABLE: /usr/bin/python3
-- Using PYTHON_INCLUDE_DIRS: /usr/include/python3.10
-- Using PYTHON_LIBRARIES: /usr/lib/x86_64-linux-gnu/libpython3.10.so
-- Found PythonExtra: .so  
-- Found ament_lint_auto: 0.12.14 (/opt/ros/humble/share/ament_lint_auto/cmake)
-- Added test 'lint_cmake' to check CMake code style
-- Added test 'xmllint' to check XML markup files
-- Configuring done
-- Generating done
-- Build files have been written to: /home/zmy/Desktop/ros2_learn/lesson3/topic_practice_ws/build/status_interfaces
[  3%] [34m[1mGenerating C code for ROS interfaces[0m
[  6%] [34m[1mGenerating C++ code for ROS interfaces[0m
[  6%] Built target ament_cmake_python_copy_status_interfaces
[  6%] Built target status_interfaces__cpp
[  9%] [32mBuilding C object CMakeFiles/status_interfaces__rosidl_generator_c.dir/rosidl_generator_c/status_interfaces/msg/detail/system_status__functions.c.o[0m
[ 16%] [34m[1mGenerating C++ introspection for ROS interfaces[0m
[ 16%] [34m[1mGenerating C++ type support for eProsima Fast-RTPS[0m
[ 19%] [34m[1mGenerating C++ type support dispatch for ROS interfaces[0m
In file included from [01m[K/home/zmy/Desktop/ros2_learn/lesson3/topic_practice_ws/build/status_interfaces/rosidl_generator_c/status_interfaces/msg/detail/system_status__functions.h:19[m[K,
                 from [01m[K/home/zmy/Desktop/ros2_learn/lesson3/topic_practice_ws/build/status_interfaces/rosidl_generator_c/status_interfaces/msg/detail/system_status__functions.c:4[m[K:
[01m[K/home/zmy/Desktop/ros2_learn/lesson3/topic_practice_ws/build/status_interfaces/rosidl_generator_c/status_interfaces/msg/detail/system_status__struct.h:22:10:[m[K [01;31m[Kfatal error: [m[Kbuildin_interfaces/msg/detail/time__struct.h: No such file or directory
   22 | #include [01;31m[K"buildin_interfaces/msg/detail/time__struct.h"[m[K
      |          [01;31m[K^~~~~~~~~~~~~~~~~~~~~~~~~~~~~~~~~~~~~~~~~~~~~~[m[K
compilation terminated.
gmake[2]: *** [CMakeFiles/status_interfaces__rosidl_generator_c.dir/build.make:107: CMakeFiles/status_interfaces__rosidl_generator_c.dir/rosidl_generator_c/status_interfaces/msg/detail/system_status__functions.c.o] Error 1
gmake[1]: *** [CMakeFiles/Makefile2:213: CMakeFiles/status_interfaces__rosidl_generator_c.dir/all] Error 2
gmake[1]: *** Waiting for unfinished jobs....
running egg_info
creating status_interfaces.egg-info
writing status_interfaces.egg-info/PKG-INFO
writing dependency_links to status_interfaces.egg-info/dependency_links.txt
writing top-level names to status_interfaces.egg-info/top_level.txt
writing manifest file 'status_interfaces.egg-info/SOURCES.txt'
reading manifest file 'status_interfaces.egg-info/SOURCES.txt'
writing manifest file 'status_interfaces.egg-info/SOURCES.txt'
[ 19%] Built target ament_cmake_python_build_status_interfaces_egg
[ 22%] [32mBuilding CXX object CMakeFiles/status_interfaces__rosidl_typesupport_cpp.dir/rosidl_typesupport_cpp/status_interfaces/msg/system_status__type_support.cpp.o[0m
[ 25%] [32mBuilding CXX object CMakeFiles/status_interfaces__rosidl_typesupport_fastrtps_cpp.dir/rosidl_typesupport_fastrtps_cpp/status_interfaces/msg/detail/dds_fastrtps/system_status__type_support.cpp.o[0m
[ 29%] [32mBuilding CXX object CMakeFiles/status_interfaces__rosidl_typesupport_introspection_cpp.dir/rosidl_typesupport_introspection_cpp/status_interfaces/msg/detail/system_status__type_support.cpp.o[0m
In file included from [01m[K/home/zmy/Desktop/ros2_learn/lesson3/topic_practice_ws/build/status_interfaces/rosidl_typesupport_cpp/status_interfaces/msg/system_status__type_support.cpp:7[m[K:
[01m[K/home/zmy/Desktop/ros2_learn/lesson3/topic_practice_ws/build/status_interfaces/rosidl_generator_cpp/status_interfaces/msg/detail/system_status__struct.hpp:20:10:[m[K [01;31m[Kfatal error: [m[Kbuildin_interfaces/msg/detail/time__struct.hpp: No such file or directory
   20 | #include [01;31m[K"buildin_interfaces/msg/detail/time__struct.hpp"[m[K
      |          [01;31m[K^~~~~~~~~~~~~~~~~~~~~~~~~~~~~~~~~~~~~~~~~~~~~~~~[m[K
compilation terminated.
gmake[2]: *** [CMakeFiles/status_interfaces__rosidl_typesupport_cpp.dir/build.make:88: CMakeFiles/status_interfaces__rosidl_typesupport_cpp.dir/rosidl_typesupport_cpp/status_interfaces/msg/system_status__type_support.cpp.o] Error 1
gmake[1]: *** [CMakeFiles/Makefile2:395: CMakeFiles/status_interfaces__rosidl_typesupport_cpp.dir/all] Error 2
In file included from [01m[K/home/zmy/Desktop/ros2_learn/lesson3/topic_practice_ws/build/status_interfaces/rosidl_typesupport_fastrtps_cpp/status_interfaces/msg/detail/system_status__rosidl_typesupport_fastrtps_cpp.hpp:11[m[K,
                 from [01m[K/home/zmy/Desktop/ros2_learn/lesson3/topic_practice_ws/build/status_interfaces/rosidl_typesupport_fastrtps_cpp/status_interfaces/msg/detail/dds_fastrtps/system_status__type_support.cpp:4[m[K:
[01m[K/home/zmy/Desktop/ros2_learn/lesson3/topic_practice_ws/build/status_interfaces/rosidl_generator_cpp/status_interfaces/msg/detail/system_status__struct.hpp:20:10:[m[K [01;31m[Kfatal error: [m[Kbuildin_interfaces/msg/detail/time__struct.hpp: No such file or directory
   20 | #include [01;31m[K"buildin_interfaces/msg/detail/time__struct.hpp"[m[K
      |          [01;31m[K^~~~~~~~~~~~~~~~~~~~~~~~~~~~~~~~~~~~~~~~~~~~~~~~[m[K
compilation terminated.
gmake[2]: *** [CMakeFiles/status_interfaces__rosidl_typesupport_fastrtps_cpp.dir/build.make:93: CMakeFiles/status_interfaces__rosidl_typesupport_fastrtps_cpp.dir/rosidl_typesupport_fastrtps_cpp/status_interfaces/msg/detail/dds_fastrtps/system_status__type_support.cpp.o] Error 1
gmake[1]: *** [CMakeFiles/Makefile2:291: CMakeFiles/status_interfaces__rosidl_typesupport_fastrtps_cpp.dir/all] Error 2
In file included from [01m[K/home/zmy/Desktop/ros2_learn/lesson3/topic_practice_ws/build/status_interfaces/rosidl_typesupport_introspection_cpp/status_interfaces/msg/detail/system_status__type_support.cpp:12[m[K:
[01m[K/home/zmy/Desktop/ros2_learn/lesson3/topic_practice_ws/build/status_interfaces/rosidl_generator_cpp/status_interfaces/msg/detail/system_status__struct.hpp:20:10:[m[K [01;31m[Kfatal error: [m[Kbuildin_interfaces/msg/detail/time__struct.hpp: No such file or directory
   20 | #include [01;31m[K"buildin_interfaces/msg/detail/time__struct.hpp"[m[K
      |          [01;31m[K^~~~~~~~~~~~~~~~~~~~~~~~~~~~~~~~~~~~~~~~~~~~~~~~[m[K
compilation terminated.
gmake[2]: *** [CMakeFiles/status_interfaces__rosidl_typesupport_introspection_cpp.dir/build.make:93: CMakeFiles/status_interfaces__rosidl_typesupport_introspection_cpp.dir/rosidl_typesupport_introspection_cpp/status_interfaces/msg/detail/system_status__type_support.cpp.o] Error 1
gmake[1]: *** [CMakeFiles/Makefile2:369: CMakeFiles/status_interfaces__rosidl_typesupport_introspection_cpp.dir/all] Error 2
gmake: *** [Makefile:146: all] Error 2
