[35m[1mConsolidate compiler generated dependencies of target turtle_control[0m
[ 50%] Built target turtle_circle
[ 75%] [32mBuilding CXX object CMakeFiles/turtle_control.dir/src/turtle_control.cpp.o[0m
[01m[K/home/zmy/Desktop/ros2_learn/lesson3/src/demo_cpp_topic/src/turtle_control.cpp:[m[K In member function â€˜[01m[Kvoid TurtleControlNode::on_pose_received(turtlesim::msg::Pose_<std::allocator<void> >::SharedPtr)[m[Kâ€™:
[01m[K/home/zmy/Desktop/ros2_learn/lesson3/src/demo_cpp_topic/src/turtle_control.cpp:42:13:[m[K [01;31m[Kerror: [m[Kexpected â€˜[01m[K([m[Kâ€™ before â€˜[01m[K{[m[Kâ€™ token
   42 |             [01;31m[K{[m[K
      |             [01;31m[K^[m[K
gmake[2]: *** [CMakeFiles/turtle_control.dir/build.make:76: CMakeFiles/turtle_control.dir/src/turtle_control.cpp.o] Error 1
gmake[1]: *** [CMakeFiles/Makefile2:165: CMakeFiles/turtle_control.dir/all] Error 2
gmake: *** [Makefile:146: all] Error 2
