[0.070s] Invoking command in '/home/zmy/Desktop/ros2_learn/lesson3/build/demo_cpp_topic': CMAKE_PREFIX_PATH=${CMAKE_PREFIX_PATH}:/home/zmy/Desktop/ros2_learn/lesson3/install/demo_python_topic:/opt/ros/humble /usr/bin/cmake --build /home/zmy/Desktop/ros2_learn/lesson3/build/demo_cpp_topic -- -j8 -l8
[0.275s] [35m[1mConsolidate compiler generated dependencies of target turtle_control[0m
[0.344s] [ 50%] Built target turtle_circle
[0.382s] [ 75%] [32mBuilding CXX object CMakeFiles/turtle_control.dir/src/turtle_control.cpp.o[0m
[5.722s] [01m[K/home/zmy/Desktop/ros2_learn/lesson3/src/demo_cpp_topic/src/turtle_control.cpp:[m[K In member function â€˜[01m[Kvoid TurtleControlNode::on_pose_received(turtlesim::msg::Pose_<std::allocator<void> >::SharedPtr)[m[Kâ€™:
[5.722s] [01m[K/home/zmy/Desktop/ros2_learn/lesson3/src/demo_cpp_topic/src/turtle_control.cpp:42:13:[m[K [01;31m[Kerror: [m[Kexpected â€˜[01m[K([m[Kâ€™ before â€˜[01m[K{[m[Kâ€™ token
[5.723s]    42 |             [01;31m[K{[m[K
[5.723s]       |             [01;31m[K^[m[K
[10.144s] gmake[2]: *** [CMakeFiles/turtle_control.dir/build.make:76: CMakeFiles/turtle_control.dir/src/turtle_control.cpp.o] Error 1
[10.145s] gmake[1]: *** [CMakeFiles/Makefile2:165: CMakeFiles/turtle_control.dir/all] Error 2
[10.146s] gmake: *** [Makefile:146: all] Error 2
[10.159s] Invoked command in '/home/zmy/Desktop/ros2_learn/lesson3/build/demo_cpp_topic' returned '2': CMAKE_PREFIX_PATH=${CMAKE_PREFIX_PATH}:/home/zmy/Desktop/ros2_learn/lesson3/install/demo_python_topic:/opt/ros/humble /usr/bin/cmake --build /home/zmy/Desktop/ros2_learn/lesson3/build/demo_cpp_topic -- -j8 -l8
